============================= test session starts =============================
collecting ... collected 150 items

tests/test_fno_backtest.py::TestBacktestAllStrategies::test_no_error[iron_condor] PASSED [  0%]
tests/test_fno_backtest.py::TestBacktestAllStrategies::test_no_error[bull_call_spread] PASSED [  1%]
tests/test_fno_backtest.py::TestBacktestAllStrategies::test_no_error[bear_put_spread] PASSED [  2%]
tests/test_fno_backtest.py::TestBacktestAllStrategies::test_no_error[bull_put_spread] PASSED [  2%]
tests/test_fno_backtest.py::TestBacktestAllStrategies::test_no_error[bear_call_spread] PASSED [  3%]
tests/test_fno_backtest.py::TestBacktestAllStrategies::test_no_error[straddle] PASSED [  4%]
tests/test_fno_backtest.py::TestBacktestAllStrategies::test_no_error[short_straddle] PASSED [  4%]
tests/test_fno_backtest.py::TestBacktestAllStrategies::test_no_error[strangle] PASSED [  5%]
tests/test_fno_backtest.py::TestBacktestAllStrategies::test_no_error[short_strangle] PASSED [  6%]
tests/test_fno_backtest.py::TestBacktestAllStrategies::test_no_error[covered_call] PASSED [  6%]
tests/test_fno_backtest.py::TestBacktestAllStrategies::test_no_error[protective_put] PASSED [  7%]
tests/test_fno_backtest.py::TestBacktestAllStrategies::test_no_error[iron_butterfly] PASSED [  8%]
tests/test_fno_backtest.py::TestBacktestAllStrategies::test_no_error[calendar_spread] PASSED [  8%]
tests/test_fno_backtest.py::TestBacktestAllStrategies::test_required_keys[iron_condor] PASSED [  9%]
tests/test_fno_backtest.py::TestBacktestAllStrategies::test_required_keys[bull_call_spread] PASSED [ 10%]
tests/test_fno_backtest.py::TestBacktestAllStrategies::test_required_keys[bear_put_spread] PASSED [ 10%]
tests/test_fno_backtest.py::TestBacktestAllStrategies::test_required_keys[bull_put_spread] PASSED [ 11%]
tests/test_fno_backtest.py::TestBacktestAllStrategies::test_required_keys[bear_call_spread] PASSED [ 12%]
tests/test_fno_backtest.py::TestBacktestAllStrategies::test_required_keys[straddle] PASSED [ 12%]
tests/test_fno_backtest.py::TestBacktestAllStrategies::test_required_keys[short_straddle] PASSED [ 13%]
tests/test_fno_backtest.py::TestBacktestAllStrategies::test_required_keys[strangle] PASSED [ 14%]
